<?xml version="1.0" encoding="UTF-8"?>
<testsuites name="jest tests" tests="20" failures="0" errors="0" time="23.747">
  <testsuite name="Test Setup" errors="0" failures="0" skipped="0" timestamp="2025-05-27T13:56:54" time="12.874" tests="7">
    <testcase classname="Test Setup" name="should setup the test environment" time="1.376">
    </testcase>
    <testcase classname="Auth Controller Tests › POST /api/auth/register" name="should register a new user successfully" time="2.062">
    </testcase>
    <testcase classname="Auth Controller Tests › POST /api/auth/register" name="should return 400 for missing fields" time="0.616">
    </testcase>
    <testcase classname="Auth Controller Tests › POST /api/auth/register" name="should return 400 for duplicate email" time="1.063">
    </testcase>
    <testcase classname="Auth Controller Tests › POST /api/auth/login" name="should login successfully with correct credentials" time="1.23">
    </testcase>
    <testcase classname="Auth Controller Tests › POST /api/auth/login" name="should return 401 for incorrect password" time="1.735">
    </testcase>
    <testcase classname="Auth Controller Tests › POST /api/auth/login" name="should return 404 for non-existent user" time="1.359">
    </testcase>
  </testsuite>
  <testsuite name="Test Setup" errors="0" failures="0" skipped="0" timestamp="2025-05-27T13:57:07" time="3.563" tests="6">
    <testcase classname="Test Setup" name="should setup the test environment" time="0.183">
    </testcase>
    <testcase classname="Post Model Tests" name="should create &amp; save a short post successfully" time="0.287">
    </testcase>
    <testcase classname="Post Model Tests" name="should create &amp; save a long post successfully" time="0.284">
    </testcase>
    <testcase classname="Post Model Tests" name="should fail to create a post without required fields" time="0.185">
    </testcase>
    <testcase classname="Post Model Tests" name="should fail to create a long post without a title" time="0.178">
    </testcase>
    <testcase classname="Post Model Tests" name="should calculate reading time based on content length" time="0.569">
    </testcase>
  </testsuite>
  <testsuite name="Test Setup" errors="0" failures="0" skipped="0" timestamp="2025-05-27T13:57:11" time="2.304" tests="5">
    <testcase classname="Test Setup" name="should setup the test environment" time="0.091">
    </testcase>
    <testcase classname="User Model Tests" name="should create &amp; save a user successfully" time="0.188">
    </testcase>
    <testcase classname="User Model Tests" name="should fail to create a user without required fields" time="0.094">
    </testcase>
    <testcase classname="User Model Tests" name="should fail for invalid email format" time="0.09">
    </testcase>
    <testcase classname="User Model Tests" name="should fail for duplicate email" time="0.268">
    </testcase>
  </testsuite>
  <testsuite name="Test Setup" errors="0" failures="0" skipped="0" timestamp="2025-05-27T13:57:13" time="1.5" tests="1">
    <testcase classname="Test Setup" name="should setup the test environment" time="0.001">
    </testcase>
  </testsuite>
  <testsuite name="Test Setup" errors="0" failures="0" skipped="0" timestamp="2025-05-27T13:57:14" time="2.572" tests="1">
    <testcase classname="Test Setup" name="should setup the test environment" time="0.001">
    </testcase>
  </testsuite>
</testsuites>